<?xml version="1.0" encoding="UTF-8"?>
<!-- Generated by org.testng.reporters.JUnitReportReporter -->
<testsuite hostname="DESKTOP-NKHBQ8A" failures="1" tests="1" name="CucumberRunnerFiles.CucumberRunnerFailedTest" time="11.226" errors="0" timestamp="2024-10-08T17:20:17 IST" skipped="0">
  <testcase classname="CucumberRunnerFiles.CucumberRunnerFailedTest" name="runScenario" time="11.226">
    <failure message="expected [true] but found [false]" type="java.lang.AssertionError">
      <![CDATA[java.lang.AssertionError: expected [true] but found [false]
at org.testng.Assert.fail(Assert.java:99)
at org.testng.Assert.failNotEquals(Assert.java:1037)
at org.testng.Assert.assertTrue(Assert.java:45)
at org.testng.Assert.assertTrue(Assert.java:55)
at steps.LoginAmazonPasswordSteps.user_should_be_on_home_page(LoginAmazonPasswordSteps.java:31)
at âœ½.User should be on Home page(file:///F:/FinalRepo/AutomationRepo/src/test/java/features/LoginAmazonPassword.feature:8)
]]>
    </failure>
  </testcase> <!-- runScenario -->
  <system-out/>
</testsuite> <!-- CucumberRunnerFiles.CucumberRunnerFailedTest -->
